Token 1: PALRE Lexema: packagelexema1:packagelexema2: 
Token 2: ID Lexema: UNPA.WinForm.compiladoreslexema1:IDlexema2:UNPA.WinForm.compiladores
Token 3: OPESP Lexema: ;lexema1:DELlexema2: 
Token 4: PALRE Lexema: publiclexema1:publiclexema2: 
Token 5: PALRE Lexema: classlexema1:classlexema2: 
Token 6: ID Lexema: If_Projectlexema1:IDlexema2:If_Project
Token 7: OPESP Lexema: {lexema1:LLIlexema2: 
Token 8: PALRE Lexema: publiclexema1:publiclexema2: 
Token 9: PALRE Lexema: staticlexema1:staticlexema2: 
Token 10: PALRE Lexema: voidlexema1:voidlexema2: 
Token 11: ID Lexema: mainlexema1:IDlexema2:main
Token 12: OPESP Lexema: (lexema1:PIZlexema2: 
Token 13: PALRE Lexema: Stringlexema1:Stringlexema2: 
Token 14: OPESP Lexema: [lexema1:COIlexema2: 
Token 15: OPESP Lexema: ]lexema1:CODlexema2: 
Token 16: ID Lexema: argslexema1:IDlexema2:args
Token 17: OPESP Lexema: )lexema1:PDElexema2: 
Token 18: OPESP Lexema: {lexema1:LLIlexema2: 
Token 19: PALRE Lexema: intlexema1:intlexema2: 
Token 20: ID Lexema: ilexema1:IDlexema2:i
Token 21: OPASI Lexema: =lexema1:ASIlexema2: 
Token 22: NUM Lexema: 20lexema1:NUMlexema2:20
Token 23: OPESP Lexema: ;lexema1:DELlexema2: 
Token 24: PALRE Lexema: iflexema1:iflexema2: 
Token 25: OPESP Lexema: (lexema1:PIZlexema2: 
Token 26: ID Lexema: ilexema1:IDlexema2:i
Token 27: OPREL Lexema: <lexema1:MENlexema2: 
Token 28: NUM Lexema: 15lexema1:NUMlexema2:15
Token 29: OPESP Lexema: )lexema1:PDElexema2: 
Token 30: OPESP Lexema: {lexema1:LLIlexema2: 
Token 31: PALRE Lexema: System.out.printlnlexema1:printlnlexema2: 
Token 32: OPESP Lexema: (lexema1:PIZlexema2: 
Token 33: MSG Lexema: "soy menor que 15"lexema1:MSGlexema2:"soy menor que 15"
Token 34: OPESP Lexema: )lexema1:PDElexema2: 
Token 35: OPESP Lexema: ;lexema1:DELlexema2: 
Token 36: OPESP Lexema: }lexema1:LLDlexema2: 
Token 37: PALRE Lexema: elselexema1:elselexema2: 
Token 38: OPESP Lexema: {lexema1:LLIlexema2: 
Token 39: PALRE Lexema: System.out.printlnlexema1:printlnlexema2: 
Token 40: OPESP Lexema: (lexema1:PIZlexema2: 
Token 41: MSG Lexema: "soy mayor que 15"lexema1:MSGlexema2:"soy mayor que 15"
Token 42: OPESP Lexema: )lexema1:PDElexema2: 
Token 43: OPESP Lexema: ;lexema1:DELlexema2: 
Token 44: OPESP Lexema: }lexema1:LLDlexema2: 
Token 45: OPESP Lexema: }lexema1:LLDlexema2: 
Token 46: OPESP Lexema: }lexema1:LLDlexema2: 
